<?xml version="1.0" encoding="UTF-8"?>
<!-- Generated by org.testng.reporters.JUnitReportReporter -->
<testsuite hostname="DESKTOP-RL8SVL3" failures="0" tests="3" name="testNg.ChromeClass" time="0.007" errors="0" timestamp="2023-07-24T06:58:11 IST" skipped="1">
  <testcase classname="testNg.ChromeClass" name="test33" time="0.000"/>
  <testcase classname="testNg.ChromeClass" name="test22" time="0.007"/>
  <testcase classname="testNg.ChromeClass" name="test11">
    <skipped/>
  </testcase> <!-- test11 -->
</testsuite> <!-- testNg.ChromeClass -->
