<?xml version="1.0" encoding="UTF-8"?>
<!-- Generated by org.testng.reporters.JUnitReportReporter -->
<testsuite hostname="DESKTOP-RL8SVL3" failures="0" tests="3" name="testNg.FirefoxClass" time="0.041" errors="0" timestamp="2023-07-24T06:58:11 IST" skipped="0">
  <testcase classname="testNg.FirefoxClass" name="test333" time="0.010"/>
  <testcase classname="testNg.FirefoxClass" name="test111" time="0.021"/>
  <testcase classname="testNg.FirefoxClass" name="test222" time="0.010"/>
</testsuite> <!-- testNg.FirefoxClass -->
