<?xml version="1.0" encoding="UTF-8"?>
<!-- Generated by org.testng.reporters.JUnitReportReporter -->
<testsuite hostname="DESKTOP-RL8SVL3" failures="0" tests="3" name="testNgg.FirefoxClass" time="0.037" errors="0" timestamp="2023-07-24T07:03:21 IST" skipped="0">
  <testcase classname="testNgg.FirefoxClass" name="test333" time="0.009"/>
  <testcase classname="testNgg.FirefoxClass" name="test111" time="0.016"/>
  <testcase classname="testNgg.FirefoxClass" name="test222" time="0.012"/>
</testsuite> <!-- testNgg.FirefoxClass -->
